  [1m[36m (519.0ms)[0m  [1mCREATE TABLE `schema_migrations` (`version` varchar(255) NOT NULL) ENGINE=InnoDB[0m
  [1m[35m (634.0ms)[0m  CREATE UNIQUE INDEX `unique_schema_migrations` ON `schema_migrations` (`version`)
  [1m[36mActiveRecord::SchemaMigration Load (0.0ms)[0m  [1mSELECT `schema_migrations`.* FROM `schema_migrations`[0m
Migrating to CreateMenus (20151217120650)
  [1m[35m (322.0ms)[0m  CREATE TABLE `menus` (`id` int(11) DEFAULT NULL auto_increment PRIMARY KEY, `menu_id` int(11), `descricao` varchar(255), `link` varchar(255), `created_at` datetime NOT NULL, `updated_at` datetime NOT NULL) ENGINE=InnoDB
  [1m[36mSQL (31.0ms)[0m  [1mINSERT INTO `schema_migrations` (`version`) VALUES ('20151217120650')[0m
  [1m[35mActiveRecord::SchemaMigration Load (0.0ms)[0m  SELECT `schema_migrations`.* FROM `schema_migrations`
  [1m[36m (0.0ms)[0m  [1mSELECT DATABASE() as db[0m
  [1m[35m (16.0ms)[0m  SELECT fk.referenced_table_name as 'to_table' ,fk.referenced_column_name as 'primary_key' ,fk.column_name as 'column' ,fk.constraint_name as 'name' FROM information_schema.key_column_usage fk WHERE fk.referenced_column_name is not null AND fk.table_schema = 'mystichunt_development' AND fk.table_name = 'menus'
  [1m[36m (0.0ms)[0m  [1mSHOW CREATE TABLE `menus`[0m


Started GET "/client_workouts" for 0:0:0:0:0:0:0:1 at 2015-12-17 11:17:04 -0200
  [1m[36mActiveRecord::SchemaMigration Load (15.0ms)[0m  [1mSELECT `schema_migrations`.* FROM `schema_migrations`[0m

ActionController::RoutingError (No route matches [GET] "/client_workouts"):
  actionpack (4.2.5) lib/action_dispatch/middleware/debug_exceptions.rb:21:in `call'
  actionpack (4.2.5) lib/action_dispatch/middleware/show_exceptions.rb:30:in `call'
  railties (4.2.5) lib/rails/rack/logger.rb:38:in `call_app'
  railties (4.2.5) lib/rails/rack/logger.rb:20:in `block in call'
  activesupport (4.2.5) lib/active_support/tagged_logging.rb:68:in `block in tagged'
  activesupport (4.2.5) lib/active_support/tagged_logging.rb:26:in `tagged'
  activesupport (4.2.5) lib/active_support/tagged_logging.rb:68:in `tagged'
  railties (4.2.5) lib/rails/rack/logger.rb:20:in `call'
  actionpack (4.2.5) lib/action_dispatch/middleware/request_id.rb:21:in `call'
  rack (1.6.4) lib/rack/methodoverride.rb:22:in `call'
  rack (1.6.4) lib/rack/runtime.rb:18:in `call'
  activesupport (4.2.5) lib/active_support/cache/strategy/local_cache_middleware.rb:28:in `call'
  rack (1.6.4) lib/rack/lock.rb:17:in `call'
  actionpack (4.2.5) lib/action_dispatch/middleware/static.rb:116:in `call'
  rack (1.6.4) lib/rack/sendfile.rb:113:in `call'
  railties (4.2.5) lib/rails/engine.rb:518:in `call'
  railties (4.2.5) lib/rails/application.rb:165:in `call'
  rack (1.6.4) lib/rack/lock.rb:17:in `call'
  rack (1.6.4) lib/rack/content_length.rb:15:in `call'
  rack (1.6.4) lib/rack/handler/webrick.rb:88:in `service'
  C:/jruby-9.0.4.0/lib/ruby/stdlib/webrick/httpserver.rb:138:in `service'
  C:/jruby-9.0.4.0/lib/ruby/stdlib/webrick/httpserver.rb:94:in `run'
  C:/jruby-9.0.4.0/lib/ruby/stdlib/webrick/server.rb:294:in `block in start_thread'


  Rendered C:/jruby-9.0.4.0/lib/ruby/gems/shared/gems/actionpack-4.2.5/lib/action_dispatch/middleware/templates/rescues/_trace.html.erb (16.0ms)
  Rendered C:/jruby-9.0.4.0/lib/ruby/gems/shared/gems/actionpack-4.2.5/lib/action_dispatch/middleware/templates/routes/_table.html.erb (116.0ms)
  Rendered C:/jruby-9.0.4.0/lib/ruby/gems/shared/gems/actionpack-4.2.5/lib/action_dispatch/middleware/templates/rescues/_request_and_response.html.erb (79.0ms)
  Rendered C:/jruby-9.0.4.0/lib/ruby/gems/shared/gems/actionpack-4.2.5/lib/action_dispatch/middleware/templates/rescues/routing_error.html.erb within rescues/layout (477.0ms)


Started GET "/menu" for 0:0:0:0:0:0:0:1 at 2015-12-17 11:17:07 -0200

ActionController::RoutingError (No route matches [GET] "/menu"):
  actionpack (4.2.5) lib/action_dispatch/middleware/debug_exceptions.rb:21:in `call'
  actionpack (4.2.5) lib/action_dispatch/middleware/show_exceptions.rb:30:in `call'
  railties (4.2.5) lib/rails/rack/logger.rb:38:in `call_app'
  railties (4.2.5) lib/rails/rack/logger.rb:20:in `block in call'
  activesupport (4.2.5) lib/active_support/tagged_logging.rb:68:in `block in tagged'
  activesupport (4.2.5) lib/active_support/tagged_logging.rb:26:in `tagged'
  activesupport (4.2.5) lib/active_support/tagged_logging.rb:68:in `tagged'
  railties (4.2.5) lib/rails/rack/logger.rb:20:in `call'
  actionpack (4.2.5) lib/action_dispatch/middleware/request_id.rb:21:in `call'
  rack (1.6.4) lib/rack/methodoverride.rb:22:in `call'
  rack (1.6.4) lib/rack/runtime.rb:18:in `call'
  activesupport (4.2.5) lib/active_support/cache/strategy/local_cache_middleware.rb:28:in `call'
  rack (1.6.4) lib/rack/lock.rb:17:in `call'
  actionpack (4.2.5) lib/action_dispatch/middleware/static.rb:116:in `call'
  rack (1.6.4) lib/rack/sendfile.rb:113:in `call'
  railties (4.2.5) lib/rails/engine.rb:518:in `call'
  railties (4.2.5) lib/rails/application.rb:165:in `call'
  rack (1.6.4) lib/rack/lock.rb:17:in `call'
  rack (1.6.4) lib/rack/content_length.rb:15:in `call'
  rack (1.6.4) lib/rack/handler/webrick.rb:88:in `service'
  C:/jruby-9.0.4.0/lib/ruby/stdlib/webrick/httpserver.rb:138:in `service'
  C:/jruby-9.0.4.0/lib/ruby/stdlib/webrick/httpserver.rb:94:in `run'
  C:/jruby-9.0.4.0/lib/ruby/stdlib/webrick/server.rb:294:in `block in start_thread'


  Rendered C:/jruby-9.0.4.0/lib/ruby/gems/shared/gems/actionpack-4.2.5/lib/action_dispatch/middleware/templates/rescues/_trace.html.erb (19.0ms)
  Rendered C:/jruby-9.0.4.0/lib/ruby/gems/shared/gems/actionpack-4.2.5/lib/action_dispatch/middleware/templates/routes/_table.html.erb (13.0ms)
  Rendered C:/jruby-9.0.4.0/lib/ruby/gems/shared/gems/actionpack-4.2.5/lib/action_dispatch/middleware/templates/rescues/_request_and_response.html.erb (11.0ms)
  Rendered C:/jruby-9.0.4.0/lib/ruby/gems/shared/gems/actionpack-4.2.5/lib/action_dispatch/middleware/templates/rescues/routing_error.html.erb within rescues/layout (281.0ms)


Started GET "/menu" for 0:0:0:0:0:0:0:1 at 2015-12-17 11:18:54 -0200
  [1m[36mActiveRecord::SchemaMigration Load (4.0ms)[0m  [1mSELECT `schema_migrations`.* FROM `schema_migrations`[0m
Processing by MenuController#index as HTML
  Rendered C:/Desenvolvimento Games/workspaceAptana/MysticHunt/app/views/menu/index.html.erb within layouts/application (94.0ms)
Completed 500 Internal Server Error in 216ms (ActiveRecord: 0.0ms)

ActionView::Template::Error (undefined method `each' for nil:NilClass):
    1: <h1>Magic Hunt</h1>
    2: <ul>
    3: <% for menu in @menu %>
    4:   <li><a href="/menu/<%= menu.id %>"><%= menu.descricao %></a></li>
    5: <% end %>
    6: </ul>
  C:/Desenvolvimento Games/workspaceAptana/MysticHunt/app/views/menu/index.html.erb:3:in `_____esenvolvimento__ames_workspace_ptana__ystic_unt_app_views_menu_index_html_erb___972231382_5128'
  actionview (4.2.5) lib/action_view/template.rb:145:in `block in render'
  activesupport (4.2.5) lib/active_support/notifications.rb:166:in `instrument'
  actionview (4.2.5) lib/action_view/template.rb:333:in `instrument'
  actionview (4.2.5) lib/action_view/template.rb:143:in `render'
  actionview (4.2.5) lib/action_view/renderer/template_renderer.rb:54:in `block in render_template'
  actionview (4.2.5) lib/action_view/renderer/abstract_renderer.rb:39:in `block in instrument'
  activesupport (4.2.5) lib/active_support/notifications.rb:164:in `block in instrument'
  activesupport (4.2.5) lib/active_support/notifications/instrumenter.rb:20:in `instrument'
  activesupport (4.2.5) lib/active_support/notifications.rb:164:in `instrument'
  actionview (4.2.5) lib/action_view/renderer/abstract_renderer.rb:39:in `instrument'
  actionview (4.2.5) lib/action_view/renderer/template_renderer.rb:53:in `block in render_template'
  actionview (4.2.5) lib/action_view/renderer/template_renderer.rb:61:in `render_with_layout'
  actionview (4.2.5) lib/action_view/renderer/template_renderer.rb:52:in `render_template'
  actionview (4.2.5) lib/action_view/renderer/template_renderer.rb:14:in `render'
  actionview (4.2.5) lib/action_view/renderer/renderer.rb:42:in `render_template'
  actionview (4.2.5) lib/action_view/renderer/renderer.rb:23:in `render'
  actionview (4.2.5) lib/action_view/rendering.rb:100:in `_render_template'
  actionpack (4.2.5) lib/action_controller/metal/streaming.rb:217:in `_render_template'
  actionview (4.2.5) lib/action_view/rendering.rb:83:in `render_to_body'
  actionpack (4.2.5) lib/action_controller/metal/rendering.rb:32:in `render_to_body'
  actionpack (4.2.5) lib/action_controller/metal/renderers.rb:37:in `render_to_body'
  actionpack (4.2.5) lib/abstract_controller/rendering.rb:25:in `render'
  actionpack (4.2.5) lib/action_controller/metal/rendering.rb:16:in `render'
  actionpack (4.2.5) lib/action_controller/metal/instrumentation.rb:44:in `block in render'
  activesupport (4.2.5) lib/active_support/core_ext/benchmark.rb:12:in `block in ms'
  C:/jruby-9.0.4.0/lib/ruby/stdlib/benchmark.rb:303:in `realtime'
  activesupport (4.2.5) lib/active_support/core_ext/benchmark.rb:12:in `ms'
  actionpack (4.2.5) lib/action_controller/metal/instrumentation.rb:44:in `block in render'
  actionpack (4.2.5) lib/action_controller/metal/instrumentation.rb:87:in `cleanup_view_runtime'
  activerecord (4.2.5) lib/active_record/railties/controller_runtime.rb:25:in `cleanup_view_runtime'
  actionpack (4.2.5) lib/action_controller/metal/instrumentation.rb:43:in `render'
  actionpack (4.2.5) lib/action_controller/metal/implicit_render.rb:10:in `default_render'
  actionpack (4.2.5) lib/action_controller/metal/implicit_render.rb:4:in `send_action'
  actionpack (4.2.5) lib/abstract_controller/base.rb:198:in `process_action'
  actionpack (4.2.5) lib/action_controller/metal/rendering.rb:10:in `process_action'
  actionpack (4.2.5) lib/abstract_controller/callbacks.rb:20:in `block in process_action'
  org/jruby/RubyProc.java:318:in `call'
  activesupport (4.2.5) lib/active_support/callbacks.rb:117:in `call'
  activesupport (4.2.5) lib/active_support/callbacks.rb:555:in `block in compile'
  org/jruby/RubyProc.java:318:in `call'
  activesupport (4.2.5) lib/active_support/callbacks.rb:505:in `call'
  activesupport (4.2.5) lib/active_support/callbacks.rb:92:in `__run_callbacks__'
  activesupport (4.2.5) lib/active_support/callbacks.rb:778:in `_run_process_action_callbacks'
  activesupport (4.2.5) lib/active_support/callbacks.rb:81:in `run_callbacks'
  actionpack (4.2.5) lib/abstract_controller/callbacks.rb:19:in `process_action'
  actionpack (4.2.5) lib/action_controller/metal/rescue.rb:29:in `process_action'
  actionpack (4.2.5) lib/action_controller/metal/instrumentation.rb:32:in `block in process_action'
  activesupport (4.2.5) lib/active_support/notifications.rb:164:in `block in instrument'
  activesupport (4.2.5) lib/active_support/notifications/instrumenter.rb:20:in `instrument'
  activesupport (4.2.5) lib/active_support/notifications.rb:164:in `instrument'
  actionpack (4.2.5) lib/action_controller/metal/instrumentation.rb:30:in `process_action'
  actionpack (4.2.5) lib/action_controller/metal/params_wrapper.rb:250:in `process_action'
  activerecord (4.2.5) lib/active_record/railties/controller_runtime.rb:18:in `process_action'
  actionpack (4.2.5) lib/abstract_controller/base.rb:137:in `process'
  actionview (4.2.5) lib/action_view/rendering.rb:30:in `process'
  actionpack (4.2.5) lib/action_controller/metal.rb:196:in `dispatch'
  actionpack (4.2.5) lib/action_controller/metal/rack_delegation.rb:13:in `dispatch'
  actionpack (4.2.5) lib/action_controller/metal.rb:237:in `block in action'
  org/jruby/RubyProc.java:318:in `call'
  actionpack (4.2.5) lib/action_dispatch/routing/route_set.rb:76:in `dispatch'
  actionpack (4.2.5) lib/action_dispatch/routing/route_set.rb:45:in `serve'
  actionpack (4.2.5) lib/action_dispatch/journey/router.rb:43:in `block in serve'
  org/jruby/RubyArray.java:1560:in `each'
  actionpack (4.2.5) lib/action_dispatch/journey/router.rb:30:in `serve'
  actionpack (4.2.5) lib/action_dispatch/routing/route_set.rb:817:in `call'
  rack (1.6.4) lib/rack/etag.rb:24:in `call'
  rack (1.6.4) lib/rack/conditionalget.rb:25:in `call'
  rack (1.6.4) lib/rack/head.rb:13:in `call'
  actionpack (4.2.5) lib/action_dispatch/middleware/params_parser.rb:27:in `call'
  actionpack (4.2.5) lib/action_dispatch/middleware/flash.rb:260:in `call'
  rack (1.6.4) lib/rack/session/abstract/id.rb:225:in `context'
  rack (1.6.4) lib/rack/session/abstract/id.rb:220:in `call'
  actionpack (4.2.5) lib/action_dispatch/middleware/cookies.rb:560:in `call'
  activerecord (4.2.5) lib/active_record/query_cache.rb:36:in `call'
  activerecord (4.2.5) lib/active_record/connection_adapters/abstract/connection_pool.rb:653:in `call'
  activerecord (4.2.5) lib/active_record/migration.rb:377:in `call'
  actionpack (4.2.5) lib/action_dispatch/middleware/callbacks.rb:29:in `block in call'
  activesupport (4.2.5) lib/active_support/callbacks.rb:88:in `__run_callbacks__'
  activesupport (4.2.5) lib/active_support/callbacks.rb:778:in `_run_call_callbacks'
  activesupport (4.2.5) lib/active_support/callbacks.rb:81:in `run_callbacks'
  actionpack (4.2.5) lib/action_dispatch/middleware/callbacks.rb:27:in `call'
  actionpack (4.2.5) lib/action_dispatch/middleware/reloader.rb:73:in `call'
  actionpack (4.2.5) lib/action_dispatch/middleware/remote_ip.rb:78:in `call'
  actionpack (4.2.5) lib/action_dispatch/middleware/debug_exceptions.rb:17:in `call'
  actionpack (4.2.5) lib/action_dispatch/middleware/show_exceptions.rb:30:in `call'
  railties (4.2.5) lib/rails/rack/logger.rb:38:in `call_app'
  railties (4.2.5) lib/rails/rack/logger.rb:20:in `block in call'
  activesupport (4.2.5) lib/active_support/tagged_logging.rb:68:in `block in tagged'
  activesupport (4.2.5) lib/active_support/tagged_logging.rb:26:in `tagged'
  activesupport (4.2.5) lib/active_support/tagged_logging.rb:68:in `tagged'
  railties (4.2.5) lib/rails/rack/logger.rb:20:in `call'
  actionpack (4.2.5) lib/action_dispatch/middleware/request_id.rb:21:in `call'
  rack (1.6.4) lib/rack/methodoverride.rb:22:in `call'
  rack (1.6.4) lib/rack/runtime.rb:18:in `call'
  activesupport (4.2.5) lib/active_support/cache/strategy/local_cache_middleware.rb:28:in `call'
  rack (1.6.4) lib/rack/lock.rb:17:in `call'
  actionpack (4.2.5) lib/action_dispatch/middleware/static.rb:116:in `call'
  rack (1.6.4) lib/rack/sendfile.rb:113:in `call'
  railties (4.2.5) lib/rails/engine.rb:518:in `call'
  railties (4.2.5) lib/rails/application.rb:165:in `call'
  rack (1.6.4) lib/rack/lock.rb:17:in `call'
  rack (1.6.4) lib/rack/content_length.rb:15:in `call'
  rack (1.6.4) lib/rack/handler/webrick.rb:88:in `service'
  C:/jruby-9.0.4.0/lib/ruby/stdlib/webrick/httpserver.rb:138:in `service'
  C:/jruby-9.0.4.0/lib/ruby/stdlib/webrick/httpserver.rb:94:in `run'
  C:/jruby-9.0.4.0/lib/ruby/stdlib/webrick/server.rb:294:in `block in start_thread'


  Rendered C:/jruby-9.0.4.0/lib/ruby/gems/shared/gems/actionpack-4.2.5/lib/action_dispatch/middleware/templates/rescues/_source.erb (6.0ms)
  Rendered C:/jruby-9.0.4.0/lib/ruby/gems/shared/gems/actionpack-4.2.5/lib/action_dispatch/middleware/templates/rescues/_trace.html.erb (54.0ms)
  Rendered C:/jruby-9.0.4.0/lib/ruby/gems/shared/gems/actionpack-4.2.5/lib/action_dispatch/middleware/templates/rescues/_request_and_response.html.erb (10.0ms)
  Rendered C:/jruby-9.0.4.0/lib/ruby/gems/shared/gems/actionpack-4.2.5/lib/action_dispatch/middleware/templates/rescues/template_error.html.erb within rescues/layout (205.0ms)


Started GET "/menu" for 0:0:0:0:0:0:0:1 at 2015-12-17 11:22:33 -0200
  [1m[36mActiveRecord::SchemaMigration Load (5.0ms)[0m  [1mSELECT `schema_migrations`.* FROM `schema_migrations`[0m
Processing by MenuController#index as HTML
  [1m[35mMenu Load (1.0ms)[0m  SELECT `menus`.* FROM `menus`
  Rendered C:/Desenvolvimento Games/workspaceAptana/MysticHunt/app/views/menu/index.html.erb within layouts/application (87.0ms)
Completed 200 OK in 11592ms (Views: 11511.4ms | ActiveRecord: 17.0ms)


Started GET "/menu" for 0:0:0:0:0:0:0:1 at 2015-12-17 11:22:46 -0200
Processing by MenuController#index as HTML
  [1m[36mMenu Load (1.0ms)[0m  [1mSELECT `menus`.* FROM `menus`[0m
  Rendered C:/Desenvolvimento Games/workspaceAptana/MysticHunt/app/views/menu/index.html.erb within layouts/application (7.0ms)
Completed 200 OK in 553ms (Views: 547.2ms | ActiveRecord: 1.0ms)


Started GET "/assets/menu.self-e3b0c44298fc1c149afbf4c8996fb92427ae41e4649b934ca495991b7852b855.css?body=1" for 0:0:0:0:0:0:0:1 at 2015-12-17 11:22:47 -0200


Started GET "/assets/jquery.self-a714331225dda820228db323939889f149aec0127aeb06255646b616ba1ca419.js?body=1" for 0:0:0:0:0:0:0:1 at 2015-12-17 11:22:47 -0200


Started GET "/assets/turbolinks.self-c37727e9bd6b2735da5c311aa83fead54ed0be6cc8bd9a65309e9c5abe2cbfff.js?body=1" for 0:0:0:0:0:0:0:1 at 2015-12-17 11:22:47 -0200


Started GET "/assets/application.self-e80e8f2318043e8af94dddc2adad5a4f09739a8ebb323b3ab31cd71d45fd9113.css?body=1" for 0:0:0:0:0:0:0:1 at 2015-12-17 11:22:47 -0200


Started GET "/assets/menu.self-877aef30ae1b040ab8a3aba4e3e309a11d7f2612f44dde450b5c157aa5f95c05.js?body=1" for 0:0:0:0:0:0:0:1 at 2015-12-17 11:22:47 -0200


Started GET "/assets/jquery_ujs.self-d456baa54c1fa6be2ec3711f0a72ddf7a5b2f34a6b4f515f33767d6207b7d4b3.js?body=1" for 0:0:0:0:0:0:0:1 at 2015-12-17 11:22:47 -0200


Started GET "/assets/application.self-3b8dabdc891efe46b9a144b400ad69e37d7e5876bdc39dee783419a69d7ca819.js?body=1" for 0:0:0:0:0:0:0:1 at 2015-12-17 11:22:47 -0200


Started GET "/menu" for 0:0:0:0:0:0:0:1 at 2015-12-17 14:07:41 -0200
Processing by MenuController#index as HTML
  [1m[35mMenu Load (6.0ms)[0m  SELECT `menus`.* FROM `menus`
  Rendered C:/Desenvolvimento Games/workspaceAptana/MysticHunt/app/views/menu/index.html.erb within layouts/application (89.0ms)
Completed 200 OK in 771ms (Views: 743.2ms | ActiveRecord: 6.0ms)


Started GET "/menu" for 0:0:0:0:0:0:0:1 at 2015-12-17 14:09:56 -0200
Processing by MenuController#index as HTML
  [1m[36mMenu Load (3.0ms)[0m  [1mSELECT `menus`.* FROM `menus` WHERE (menu_id is null)[0m
  Rendered C:/Desenvolvimento Games/workspaceAptana/MysticHunt/app/views/menu/index.html.erb within layouts/application (79.0ms)
Completed 200 OK in 590ms (Views: 535.1ms | ActiveRecord: 22.0ms)


Started GET "/menu/2" for 0:0:0:0:0:0:0:1 at 2015-12-17 14:12:45 -0200

AbstractController::ActionNotFound (The action 'show' could not be found for MenuController):
  actionpack (4.2.5) lib/abstract_controller/base.rb:132:in `process'
  actionview (4.2.5) lib/action_view/rendering.rb:30:in `process'
  actionpack (4.2.5) lib/action_controller/metal.rb:196:in `dispatch'
  actionpack (4.2.5) lib/action_controller/metal/rack_delegation.rb:13:in `dispatch'
  actionpack (4.2.5) lib/action_controller/metal.rb:237:in `block in action'
  org/jruby/RubyProc.java:318:in `call'
  actionpack (4.2.5) lib/action_dispatch/routing/route_set.rb:76:in `dispatch'
  actionpack (4.2.5) lib/action_dispatch/routing/route_set.rb:45:in `serve'
  actionpack (4.2.5) lib/action_dispatch/journey/router.rb:43:in `block in serve'
  org/jruby/RubyArray.java:1560:in `each'
  actionpack (4.2.5) lib/action_dispatch/journey/router.rb:30:in `serve'
  actionpack (4.2.5) lib/action_dispatch/routing/route_set.rb:817:in `call'
  rack (1.6.4) lib/rack/etag.rb:24:in `call'
  rack (1.6.4) lib/rack/conditionalget.rb:25:in `call'
  rack (1.6.4) lib/rack/head.rb:13:in `call'
  actionpack (4.2.5) lib/action_dispatch/middleware/params_parser.rb:27:in `call'
  actionpack (4.2.5) lib/action_dispatch/middleware/flash.rb:260:in `call'
  rack (1.6.4) lib/rack/session/abstract/id.rb:225:in `context'
  rack (1.6.4) lib/rack/session/abstract/id.rb:220:in `call'
  actionpack (4.2.5) lib/action_dispatch/middleware/cookies.rb:560:in `call'
  activerecord (4.2.5) lib/active_record/query_cache.rb:36:in `call'
  activerecord (4.2.5) lib/active_record/connection_adapters/abstract/connection_pool.rb:653:in `call'
  activerecord (4.2.5) lib/active_record/migration.rb:377:in `call'
  actionpack (4.2.5) lib/action_dispatch/middleware/callbacks.rb:29:in `block in call'
  activesupport (4.2.5) lib/active_support/callbacks.rb:88:in `__run_callbacks__'
  activesupport (4.2.5) lib/active_support/callbacks.rb:778:in `_run_call_callbacks'
  activesupport (4.2.5) lib/active_support/callbacks.rb:81:in `run_callbacks'
  actionpack (4.2.5) lib/action_dispatch/middleware/callbacks.rb:27:in `call'
  actionpack (4.2.5) lib/action_dispatch/middleware/reloader.rb:73:in `call'
  actionpack (4.2.5) lib/action_dispatch/middleware/remote_ip.rb:78:in `call'
  actionpack (4.2.5) lib/action_dispatch/middleware/debug_exceptions.rb:17:in `call'
  actionpack (4.2.5) lib/action_dispatch/middleware/show_exceptions.rb:30:in `call'
  railties (4.2.5) lib/rails/rack/logger.rb:38:in `call_app'
  railties (4.2.5) lib/rails/rack/logger.rb:20:in `block in call'
  activesupport (4.2.5) lib/active_support/tagged_logging.rb:68:in `block in tagged'
  activesupport (4.2.5) lib/active_support/tagged_logging.rb:26:in `tagged'
  activesupport (4.2.5) lib/active_support/tagged_logging.rb:68:in `tagged'
  railties (4.2.5) lib/rails/rack/logger.rb:20:in `call'
  actionpack (4.2.5) lib/action_dispatch/middleware/request_id.rb:21:in `call'
  rack (1.6.4) lib/rack/methodoverride.rb:22:in `call'
  rack (1.6.4) lib/rack/runtime.rb:18:in `call'
  activesupport (4.2.5) lib/active_support/cache/strategy/local_cache_middleware.rb:28:in `call'
  rack (1.6.4) lib/rack/lock.rb:17:in `call'
  actionpack (4.2.5) lib/action_dispatch/middleware/static.rb:116:in `call'
  rack (1.6.4) lib/rack/sendfile.rb:113:in `call'
  railties (4.2.5) lib/rails/engine.rb:518:in `call'
  railties (4.2.5) lib/rails/application.rb:165:in `call'
  rack (1.6.4) lib/rack/lock.rb:17:in `call'
  rack (1.6.4) lib/rack/content_length.rb:15:in `call'
  rack (1.6.4) lib/rack/handler/webrick.rb:88:in `service'
  C:/jruby-9.0.4.0/lib/ruby/stdlib/webrick/httpserver.rb:138:in `service'
  C:/jruby-9.0.4.0/lib/ruby/stdlib/webrick/httpserver.rb:94:in `run'
  C:/jruby-9.0.4.0/lib/ruby/stdlib/webrick/server.rb:294:in `block in start_thread'


  Rendered C:/jruby-9.0.4.0/lib/ruby/gems/shared/gems/actionpack-4.2.5/lib/action_dispatch/middleware/templates/rescues/unknown_action.html.erb within rescues/layout (0.0ms)


Started GET "/menu/2" for 0:0:0:0:0:0:0:1 at 2015-12-17 14:12:46 -0200

AbstractController::ActionNotFound (The action 'show' could not be found for MenuController):
  actionpack (4.2.5) lib/abstract_controller/base.rb:132:in `process'
  actionview (4.2.5) lib/action_view/rendering.rb:30:in `process'
  actionpack (4.2.5) lib/action_controller/metal.rb:196:in `dispatch'
  actionpack (4.2.5) lib/action_controller/metal/rack_delegation.rb:13:in `dispatch'
  actionpack (4.2.5) lib/action_controller/metal.rb:237:in `block in action'
  org/jruby/RubyProc.java:318:in `call'
  actionpack (4.2.5) lib/action_dispatch/routing/route_set.rb:76:in `dispatch'
  actionpack (4.2.5) lib/action_dispatch/routing/route_set.rb:45:in `serve'
  actionpack (4.2.5) lib/action_dispatch/journey/router.rb:43:in `block in serve'
  org/jruby/RubyArray.java:1560:in `each'
  actionpack (4.2.5) lib/action_dispatch/journey/router.rb:30:in `serve'
  actionpack (4.2.5) lib/action_dispatch/routing/route_set.rb:817:in `call'
  rack (1.6.4) lib/rack/etag.rb:24:in `call'
  rack (1.6.4) lib/rack/conditionalget.rb:25:in `call'
  rack (1.6.4) lib/rack/head.rb:13:in `call'
  actionpack (4.2.5) lib/action_dispatch/middleware/params_parser.rb:27:in `call'
  actionpack (4.2.5) lib/action_dispatch/middleware/flash.rb:260:in `call'
  rack (1.6.4) lib/rack/session/abstract/id.rb:225:in `context'
  rack (1.6.4) lib/rack/session/abstract/id.rb:220:in `call'
  actionpack (4.2.5) lib/action_dispatch/middleware/cookies.rb:560:in `call'
  activerecord (4.2.5) lib/active_record/query_cache.rb:36:in `call'
  activerecord (4.2.5) lib/active_record/connection_adapters/abstract/connection_pool.rb:653:in `call'
  activerecord (4.2.5) lib/active_record/migration.rb:377:in `call'
  actionpack (4.2.5) lib/action_dispatch/middleware/callbacks.rb:29:in `block in call'
  activesupport (4.2.5) lib/active_support/callbacks.rb:88:in `__run_callbacks__'
  activesupport (4.2.5) lib/active_support/callbacks.rb:778:in `_run_call_callbacks'
  activesupport (4.2.5) lib/active_support/callbacks.rb:81:in `run_callbacks'
  actionpack (4.2.5) lib/action_dispatch/middleware/callbacks.rb:27:in `call'
  actionpack (4.2.5) lib/action_dispatch/middleware/reloader.rb:73:in `call'
  actionpack (4.2.5) lib/action_dispatch/middleware/remote_ip.rb:78:in `call'
  actionpack (4.2.5) lib/action_dispatch/middleware/debug_exceptions.rb:17:in `call'
  actionpack (4.2.5) lib/action_dispatch/middleware/show_exceptions.rb:30:in `call'
  railties (4.2.5) lib/rails/rack/logger.rb:38:in `call_app'
  railties (4.2.5) lib/rails/rack/logger.rb:20:in `block in call'
  activesupport (4.2.5) lib/active_support/tagged_logging.rb:68:in `block in tagged'
  activesupport (4.2.5) lib/active_support/tagged_logging.rb:26:in `tagged'
  activesupport (4.2.5) lib/active_support/tagged_logging.rb:68:in `tagged'
  railties (4.2.5) lib/rails/rack/logger.rb:20:in `call'
  actionpack (4.2.5) lib/action_dispatch/middleware/request_id.rb:21:in `call'
  rack (1.6.4) lib/rack/methodoverride.rb:22:in `call'
  rack (1.6.4) lib/rack/runtime.rb:18:in `call'
  activesupport (4.2.5) lib/active_support/cache/strategy/local_cache_middleware.rb:28:in `call'
  rack (1.6.4) lib/rack/lock.rb:17:in `call'
  actionpack (4.2.5) lib/action_dispatch/middleware/static.rb:116:in `call'
  rack (1.6.4) lib/rack/sendfile.rb:113:in `call'
  railties (4.2.5) lib/rails/engine.rb:518:in `call'
  railties (4.2.5) lib/rails/application.rb:165:in `call'
  rack (1.6.4) lib/rack/lock.rb:17:in `call'
  rack (1.6.4) lib/rack/content_length.rb:15:in `call'
  rack (1.6.4) lib/rack/handler/webrick.rb:88:in `service'
  C:/jruby-9.0.4.0/lib/ruby/stdlib/webrick/httpserver.rb:138:in `service'
  C:/jruby-9.0.4.0/lib/ruby/stdlib/webrick/httpserver.rb:94:in `run'
  C:/jruby-9.0.4.0/lib/ruby/stdlib/webrick/server.rb:294:in `block in start_thread'


  Rendered C:/jruby-9.0.4.0/lib/ruby/gems/shared/gems/actionpack-4.2.5/lib/action_dispatch/middleware/templates/rescues/unknown_action.html.erb within rescues/layout (2.0ms)


Started GET "/menu" for 0:0:0:0:0:0:0:1 at 2015-12-17 14:15:01 -0200
Processing by MenuController#index as HTML
  [1m[35mMenu Load (2.0ms)[0m  SELECT `menus`.* FROM `menus` WHERE (menu_id is null)
  Rendered C:/Desenvolvimento Games/workspaceAptana/MysticHunt/app/views/menu/index.html.erb within layouts/application (42.0ms)
Completed 200 OK in 342ms (Views: 310.1ms | ActiveRecord: 15.0ms)


Started GET "/menu/2" for 0:0:0:0:0:0:0:1 at 2015-12-17 14:15:04 -0200
Processing by MenuController#show as HTML
  Parameters: {"id"=>"2"}
Completed 500 Internal Server Error in 16ms (ActiveRecord: 0.0ms)

ActionView::MissingTemplate (Missing template menu/show, application/show with {:locale=>[:en], :formats=>[:html, :xml], :variants=>[], :handlers=>[:erb, :builder, :raw, :ruby, :coffee, :jbuilder]}. Searched in:
  * "C:/Desenvolvimento Games/workspaceAptana/MysticHunt/app/views"
):
  actionview (4.2.5) lib/action_view/path_set.rb:46:in `find'
  actionview (4.2.5) lib/action_view/lookup_context.rb:121:in `find'
  C:40:in `find_template'
  actionview (4.2.5) lib/action_view/renderer/template_renderer.rb:40:in `determine_template'
  actionview (4.2.5) lib/action_view/renderer/template_renderer.rb:8:in `render'
  actionview (4.2.5) lib/action_view/renderer/renderer.rb:42:in `render_template'
  actionview (4.2.5) lib/action_view/renderer/renderer.rb:23:in `render'
  actionview (4.2.5) lib/action_view/rendering.rb:100:in `_render_template'
  actionpack (4.2.5) lib/action_controller/metal/streaming.rb:217:in `_render_template'
  actionview (4.2.5) lib/action_view/rendering.rb:83:in `render_to_body'
  actionpack (4.2.5) lib/action_controller/metal/rendering.rb:32:in `render_to_body'
  actionpack (4.2.5) lib/action_controller/metal/renderers.rb:37:in `render_to_body'
  actionpack (4.2.5) lib/abstract_controller/rendering.rb:25:in `render'
  actionpack (4.2.5) lib/action_controller/metal/rendering.rb:16:in `render'
  actionpack (4.2.5) lib/action_controller/metal/instrumentation.rb:44:in `block in render'
  activesupport (4.2.5) lib/active_support/core_ext/benchmark.rb:12:in `block in ms'
  C:/jruby-9.0.4.0/lib/ruby/stdlib/benchmark.rb:303:in `realtime'
  activesupport (4.2.5) lib/active_support/core_ext/benchmark.rb:12:in `ms'
  actionpack (4.2.5) lib/action_controller/metal/instrumentation.rb:44:in `block in render'
  actionpack (4.2.5) lib/action_controller/metal/instrumentation.rb:87:in `cleanup_view_runtime'
  activerecord (4.2.5) lib/active_record/railties/controller_runtime.rb:25:in `cleanup_view_runtime'
  actionpack (4.2.5) lib/action_controller/metal/instrumentation.rb:43:in `render'
  actionpack (4.2.5) lib/action_controller/metal/implicit_render.rb:10:in `default_render'
  actionpack (4.2.5) lib/action_controller/metal/implicit_render.rb:5:in `send_action'
  actionpack (4.2.5) lib/abstract_controller/base.rb:198:in `process_action'
  actionpack (4.2.5) lib/action_controller/metal/rendering.rb:10:in `process_action'
  actionpack (4.2.5) lib/abstract_controller/callbacks.rb:20:in `block in process_action'
  org/jruby/RubyProc.java:318:in `call'
  activesupport (4.2.5) lib/active_support/callbacks.rb:117:in `call'
  activesupport (4.2.5) lib/active_support/callbacks.rb:555:in `block in compile'
  org/jruby/RubyProc.java:318:in `call'
  activesupport (4.2.5) lib/active_support/callbacks.rb:505:in `call'
  activesupport (4.2.5) lib/active_support/callbacks.rb:92:in `__run_callbacks__'
  activesupport (4.2.5) lib/active_support/callbacks.rb:778:in `_run_process_action_callbacks'
  activesupport (4.2.5) lib/active_support/callbacks.rb:81:in `run_callbacks'
  actionpack (4.2.5) lib/abstract_controller/callbacks.rb:19:in `process_action'
  actionpack (4.2.5) lib/action_controller/metal/rescue.rb:29:in `process_action'
  actionpack (4.2.5) lib/action_controller/metal/instrumentation.rb:32:in `block in process_action'
  activesupport (4.2.5) lib/active_support/notifications.rb:164:in `block in instrument'
  activesupport (4.2.5) lib/active_support/notifications/instrumenter.rb:20:in `instrument'
  activesupport (4.2.5) lib/active_support/notifications.rb:164:in `instrument'
  actionpack (4.2.5) lib/action_controller/metal/instrumentation.rb:30:in `process_action'
  actionpack (4.2.5) lib/action_controller/metal/params_wrapper.rb:250:in `process_action'
  activerecord (4.2.5) lib/active_record/railties/controller_runtime.rb:18:in `process_action'
  actionpack (4.2.5) lib/abstract_controller/base.rb:137:in `process'
  actionview (4.2.5) lib/action_view/rendering.rb:30:in `process'
  actionpack (4.2.5) lib/action_controller/metal.rb:196:in `dispatch'
  actionpack (4.2.5) lib/action_controller/metal/rack_delegation.rb:13:in `dispatch'
  actionpack (4.2.5) lib/action_controller/metal.rb:237:in `block in action'
  org/jruby/RubyProc.java:318:in `call'
  actionpack (4.2.5) lib/action_dispatch/routing/route_set.rb:76:in `dispatch'
  actionpack (4.2.5) lib/action_dispatch/routing/route_set.rb:45:in `serve'
  actionpack (4.2.5) lib/action_dispatch/journey/router.rb:43:in `block in serve'
  org/jruby/RubyArray.java:1560:in `each'
  actionpack (4.2.5) lib/action_dispatch/journey/router.rb:30:in `serve'
  actionpack (4.2.5) lib/action_dispatch/routing/route_set.rb:817:in `call'
  rack (1.6.4) lib/rack/etag.rb:24:in `call'
  rack (1.6.4) lib/rack/conditionalget.rb:25:in `call'
  rack (1.6.4) lib/rack/head.rb:13:in `call'
  actionpack (4.2.5) lib/action_dispatch/middleware/params_parser.rb:27:in `call'
  actionpack (4.2.5) lib/action_dispatch/middleware/flash.rb:260:in `call'
  rack (1.6.4) lib/rack/session/abstract/id.rb:225:in `context'
  rack (1.6.4) lib/rack/session/abstract/id.rb:220:in `call'
  actionpack (4.2.5) lib/action_dispatch/middleware/cookies.rb:560:in `call'
  activerecord (4.2.5) lib/active_record/query_cache.rb:36:in `call'
  activerecord (4.2.5) lib/active_record/connection_adapters/abstract/connection_pool.rb:653:in `call'
  activerecord (4.2.5) lib/active_record/migration.rb:377:in `call'
  actionpack (4.2.5) lib/action_dispatch/middleware/callbacks.rb:29:in `block in call'
  activesupport (4.2.5) lib/active_support/callbacks.rb:88:in `__run_callbacks__'
  activesupport (4.2.5) lib/active_support/callbacks.rb:778:in `_run_call_callbacks'
  activesupport (4.2.5) lib/active_support/callbacks.rb:81:in `run_callbacks'
  actionpack (4.2.5) lib/action_dispatch/middleware/callbacks.rb:27:in `call'
  actionpack (4.2.5) lib/action_dispatch/middleware/reloader.rb:73:in `call'
  actionpack (4.2.5) lib/action_dispatch/middleware/remote_ip.rb:78:in `call'
  actionpack (4.2.5) lib/action_dispatch/middleware/debug_exceptions.rb:17:in `call'
  actionpack (4.2.5) lib/action_dispatch/middleware/show_exceptions.rb:30:in `call'
  railties (4.2.5) lib/rails/rack/logger.rb:38:in `call_app'
  railties (4.2.5) lib/rails/rack/logger.rb:20:in `block in call'
  activesupport (4.2.5) lib/active_support/tagged_logging.rb:68:in `block in tagged'
  activesupport (4.2.5) lib/active_support/tagged_logging.rb:26:in `tagged'
  activesupport (4.2.5) lib/active_support/tagged_logging.rb:68:in `tagged'
  railties (4.2.5) lib/rails/rack/logger.rb:20:in `call'
  actionpack (4.2.5) lib/action_dispatch/middleware/request_id.rb:21:in `call'
  rack (1.6.4) lib/rack/methodoverride.rb:22:in `call'
  rack (1.6.4) lib/rack/runtime.rb:18:in `call'
  activesupport (4.2.5) lib/active_support/cache/strategy/local_cache_middleware.rb:28:in `call'
  rack (1.6.4) lib/rack/lock.rb:17:in `call'
  actionpack (4.2.5) lib/action_dispatch/middleware/static.rb:116:in `call'
  rack (1.6.4) lib/rack/sendfile.rb:113:in `call'
  railties (4.2.5) lib/rails/engine.rb:518:in `call'
  railties (4.2.5) lib/rails/application.rb:165:in `call'
  rack (1.6.4) lib/rack/lock.rb:17:in `call'
  rack (1.6.4) lib/rack/content_length.rb:15:in `call'
  rack (1.6.4) lib/rack/handler/webrick.rb:88:in `service'
  C:/jruby-9.0.4.0/lib/ruby/stdlib/webrick/httpserver.rb:138:in `service'
  C:/jruby-9.0.4.0/lib/ruby/stdlib/webrick/httpserver.rb:94:in `run'
  C:/jruby-9.0.4.0/lib/ruby/stdlib/webrick/server.rb:294:in `block in start_thread'


  Rendered C:/jruby-9.0.4.0/lib/ruby/gems/shared/gems/actionpack-4.2.5/lib/action_dispatch/middleware/templates/rescues/_source.erb (16.0ms)
  Rendered C:/jruby-9.0.4.0/lib/ruby/gems/shared/gems/actionpack-4.2.5/lib/action_dispatch/middleware/templates/rescues/_trace.html.erb (32.0ms)
  Rendered C:/jruby-9.0.4.0/lib/ruby/gems/shared/gems/actionpack-4.2.5/lib/action_dispatch/middleware/templates/rescues/_request_and_response.html.erb (16.0ms)
  Rendered C:/jruby-9.0.4.0/lib/ruby/gems/shared/gems/actionpack-4.2.5/lib/action_dispatch/middleware/templates/rescues/missing_template.html.erb within rescues/layout (168.0ms)


Started GET "/menu/2" for 0:0:0:0:0:0:0:1 at 2015-12-17 14:15:05 -0200
Processing by MenuController#show as HTML
  Parameters: {"id"=>"2"}
Completed 500 Internal Server Error in 11ms (ActiveRecord: 0.0ms)

ActionView::MissingTemplate (Missing template menu/show, application/show with {:locale=>[:en], :formats=>[:html], :variants=>[], :handlers=>[:erb, :builder, :raw, :ruby, :coffee, :jbuilder]}. Searched in:
  * "C:/Desenvolvimento Games/workspaceAptana/MysticHunt/app/views"
):
  actionview (4.2.5) lib/action_view/path_set.rb:46:in `find'
  actionview (4.2.5) lib/action_view/lookup_context.rb:121:in `find'
  C:40:in `find_template'
  actionview (4.2.5) lib/action_view/renderer/template_renderer.rb:40:in `determine_template'
  actionview (4.2.5) lib/action_view/renderer/template_renderer.rb:8:in `render'
  actionview (4.2.5) lib/action_view/renderer/renderer.rb:42:in `render_template'
  actionview (4.2.5) lib/action_view/renderer/renderer.rb:23:in `render'
  actionview (4.2.5) lib/action_view/rendering.rb:100:in `_render_template'
  actionpack (4.2.5) lib/action_controller/metal/streaming.rb:217:in `_render_template'
  actionview (4.2.5) lib/action_view/rendering.rb:83:in `render_to_body'
  actionpack (4.2.5) lib/action_controller/metal/rendering.rb:32:in `render_to_body'
  actionpack (4.2.5) lib/action_controller/metal/renderers.rb:37:in `render_to_body'
  actionpack (4.2.5) lib/abstract_controller/rendering.rb:25:in `render'
  actionpack (4.2.5) lib/action_controller/metal/rendering.rb:16:in `render'
  actionpack (4.2.5) lib/action_controller/metal/instrumentation.rb:44:in `block in render'
  activesupport (4.2.5) lib/active_support/core_ext/benchmark.rb:12:in `block in ms'
  C:/jruby-9.0.4.0/lib/ruby/stdlib/benchmark.rb:303:in `realtime'
  activesupport (4.2.5) lib/active_support/core_ext/benchmark.rb:12:in `ms'
  actionpack (4.2.5) lib/action_controller/metal/instrumentation.rb:44:in `block in render'
  actionpack (4.2.5) lib/action_controller/metal/instrumentation.rb:87:in `cleanup_view_runtime'
  activerecord (4.2.5) lib/active_record/railties/controller_runtime.rb:25:in `cleanup_view_runtime'
  actionpack (4.2.5) lib/action_controller/metal/instrumentation.rb:43:in `render'
  actionpack (4.2.5) lib/action_controller/metal/implicit_render.rb:10:in `default_render'
  actionpack (4.2.5) lib/action_controller/metal/implicit_render.rb:5:in `send_action'
  actionpack (4.2.5) lib/abstract_controller/base.rb:198:in `process_action'
  actionpack (4.2.5) lib/action_controller/metal/rendering.rb:10:in `process_action'
  actionpack (4.2.5) lib/abstract_controller/callbacks.rb:20:in `block in process_action'
  org/jruby/RubyProc.java:318:in `call'
  activesupport (4.2.5) lib/active_support/callbacks.rb:117:in `call'
  activesupport (4.2.5) lib/active_support/callbacks.rb:555:in `block in compile'
  org/jruby/RubyProc.java:318:in `call'
  activesupport (4.2.5) lib/active_support/callbacks.rb:505:in `call'
  activesupport (4.2.5) lib/active_support/callbacks.rb:92:in `__run_callbacks__'
  activesupport (4.2.5) lib/active_support/callbacks.rb:778:in `_run_process_action_callbacks'
  activesupport (4.2.5) lib/active_support/callbacks.rb:81:in `run_callbacks'
  actionpack (4.2.5) lib/abstract_controller/callbacks.rb:19:in `process_action'
  actionpack (4.2.5) lib/action_controller/metal/rescue.rb:29:in `process_action'
  actionpack (4.2.5) lib/action_controller/metal/instrumentation.rb:32:in `block in process_action'
  activesupport (4.2.5) lib/active_support/notifications.rb:164:in `block in instrument'
  activesupport (4.2.5) lib/active_support/notifications/instrumenter.rb:20:in `instrument'
  activesupport (4.2.5) lib/active_support/notifications.rb:164:in `instrument'
  actionpack (4.2.5) lib/action_controller/metal/instrumentation.rb:30:in `process_action'
  actionpack (4.2.5) lib/action_controller/metal/params_wrapper.rb:250:in `process_action'
  activerecord (4.2.5) lib/active_record/railties/controller_runtime.rb:18:in `process_action'
  actionpack (4.2.5) lib/abstract_controller/base.rb:137:in `process'
  actionview (4.2.5) lib/action_view/rendering.rb:30:in `process'
  actionpack (4.2.5) lib/action_controller/metal.rb:196:in `dispatch'
  actionpack (4.2.5) lib/action_controller/metal/rack_delegation.rb:13:in `dispatch'
  actionpack (4.2.5) lib/action_controller/metal.rb:237:in `block in action'
  org/jruby/RubyProc.java:318:in `call'
  actionpack (4.2.5) lib/action_dispatch/routing/route_set.rb:76:in `dispatch'
  actionpack (4.2.5) lib/action_dispatch/routing/route_set.rb:45:in `serve'
  actionpack (4.2.5) lib/action_dispatch/journey/router.rb:43:in `block in serve'
  org/jruby/RubyArray.java:1560:in `each'
  actionpack (4.2.5) lib/action_dispatch/journey/router.rb:30:in `serve'
  actionpack (4.2.5) lib/action_dispatch/routing/route_set.rb:817:in `call'
  rack (1.6.4) lib/rack/etag.rb:24:in `call'
  rack (1.6.4) lib/rack/conditionalget.rb:25:in `call'
  rack (1.6.4) lib/rack/head.rb:13:in `call'
  actionpack (4.2.5) lib/action_dispatch/middleware/params_parser.rb:27:in `call'
  actionpack (4.2.5) lib/action_dispatch/middleware/flash.rb:260:in `call'
  rack (1.6.4) lib/rack/session/abstract/id.rb:225:in `context'
  rack (1.6.4) lib/rack/session/abstract/id.rb:220:in `call'
  actionpack (4.2.5) lib/action_dispatch/middleware/cookies.rb:560:in `call'
  activerecord (4.2.5) lib/active_record/query_cache.rb:36:in `call'
  activerecord (4.2.5) lib/active_record/connection_adapters/abstract/connection_pool.rb:653:in `call'
  activerecord (4.2.5) lib/active_record/migration.rb:377:in `call'
  actionpack (4.2.5) lib/action_dispatch/middleware/callbacks.rb:29:in `block in call'
  activesupport (4.2.5) lib/active_support/callbacks.rb:88:in `__run_callbacks__'
  activesupport (4.2.5) lib/active_support/callbacks.rb:778:in `_run_call_callbacks'
  activesupport (4.2.5) lib/active_support/callbacks.rb:81:in `run_callbacks'
  actionpack (4.2.5) lib/action_dispatch/middleware/callbacks.rb:27:in `call'
  actionpack (4.2.5) lib/action_dispatch/middleware/reloader.rb:73:in `call'
  actionpack (4.2.5) lib/action_dispatch/middleware/remote_ip.rb:78:in `call'
  actionpack (4.2.5) lib/action_dispatch/middleware/debug_exceptions.rb:17:in `call'
  actionpack (4.2.5) lib/action_dispatch/middleware/show_exceptions.rb:30:in `call'
  railties (4.2.5) lib/rails/rack/logger.rb:38:in `call_app'
  railties (4.2.5) lib/rails/rack/logger.rb:20:in `block in call'
  activesupport (4.2.5) lib/active_support/tagged_logging.rb:68:in `block in tagged'
  activesupport (4.2.5) lib/active_support/tagged_logging.rb:26:in `tagged'
  activesupport (4.2.5) lib/active_support/tagged_logging.rb:68:in `tagged'
  railties (4.2.5) lib/rails/rack/logger.rb:20:in `call'
  actionpack (4.2.5) lib/action_dispatch/middleware/request_id.rb:21:in `call'
  rack (1.6.4) lib/rack/methodoverride.rb:22:in `call'
  rack (1.6.4) lib/rack/runtime.rb:18:in `call'
  activesupport (4.2.5) lib/active_support/cache/strategy/local_cache_middleware.rb:28:in `call'
  rack (1.6.4) lib/rack/lock.rb:17:in `call'
  actionpack (4.2.5) lib/action_dispatch/middleware/static.rb:116:in `call'
  rack (1.6.4) lib/rack/sendfile.rb:113:in `call'
  railties (4.2.5) lib/rails/engine.rb:518:in `call'
  railties (4.2.5) lib/rails/application.rb:165:in `call'
  rack (1.6.4) lib/rack/lock.rb:17:in `call'
  rack (1.6.4) lib/rack/content_length.rb:15:in `call'
  rack (1.6.4) lib/rack/handler/webrick.rb:88:in `service'
  C:/jruby-9.0.4.0/lib/ruby/stdlib/webrick/httpserver.rb:138:in `service'
  C:/jruby-9.0.4.0/lib/ruby/stdlib/webrick/httpserver.rb:94:in `run'
  C:/jruby-9.0.4.0/lib/ruby/stdlib/webrick/server.rb:294:in `block in start_thread'


  Rendered C:/jruby-9.0.4.0/lib/ruby/gems/shared/gems/actionpack-4.2.5/lib/action_dispatch/middleware/templates/rescues/_source.erb (4.0ms)
  Rendered C:/jruby-9.0.4.0/lib/ruby/gems/shared/gems/actionpack-4.2.5/lib/action_dispatch/middleware/templates/rescues/_trace.html.erb (26.0ms)
  Rendered C:/jruby-9.0.4.0/lib/ruby/gems/shared/gems/actionpack-4.2.5/lib/action_dispatch/middleware/templates/rescues/_request_and_response.html.erb (6.0ms)
  Rendered C:/jruby-9.0.4.0/lib/ruby/gems/shared/gems/actionpack-4.2.5/lib/action_dispatch/middleware/templates/rescues/missing_template.html.erb within rescues/layout (99.0ms)


Started GET "/menu" for 0:0:0:0:0:0:0:1 at 2015-12-17 14:16:07 -0200
Processing by MenuController#index as HTML
  [1m[36mMenu Load (2.0ms)[0m  [1mSELECT `menus`.* FROM `menus` WHERE (menu_id is null)[0m
  Rendered C:/Desenvolvimento Games/workspaceAptana/MysticHunt/app/views/menu/index.html.erb within layouts/application (54.0ms)
Completed 200 OK in 403ms (Views: 363.3ms | ActiveRecord: 20.0ms)


Started GET "/menu/2" for 0:0:0:0:0:0:0:1 at 2015-12-17 14:16:10 -0200
Processing by MenuController#show as HTML
  Parameters: {"id"=>"2"}
Redirected to http://localhost:3000/menus/
Completed 302 Found in 1ms (ActiveRecord: 0.0ms)


Started GET "/menus/" for 0:0:0:0:0:0:0:1 at 2015-12-17 14:16:10 -0200

ActionController::RoutingError (No route matches [GET] "/menus"):
  actionpack (4.2.5) lib/action_dispatch/middleware/debug_exceptions.rb:21:in `call'
  actionpack (4.2.5) lib/action_dispatch/middleware/show_exceptions.rb:30:in `call'
  railties (4.2.5) lib/rails/rack/logger.rb:38:in `call_app'
  railties (4.2.5) lib/rails/rack/logger.rb:20:in `block in call'
  activesupport (4.2.5) lib/active_support/tagged_logging.rb:68:in `block in tagged'
  activesupport (4.2.5) lib/active_support/tagged_logging.rb:26:in `tagged'
  activesupport (4.2.5) lib/active_support/tagged_logging.rb:68:in `tagged'
  railties (4.2.5) lib/rails/rack/logger.rb:20:in `call'
  actionpack (4.2.5) lib/action_dispatch/middleware/request_id.rb:21:in `call'
  rack (1.6.4) lib/rack/methodoverride.rb:22:in `call'
  rack (1.6.4) lib/rack/runtime.rb:18:in `call'
  activesupport (4.2.5) lib/active_support/cache/strategy/local_cache_middleware.rb:28:in `call'
  rack (1.6.4) lib/rack/lock.rb:17:in `call'
  actionpack (4.2.5) lib/action_dispatch/middleware/static.rb:116:in `call'
  rack (1.6.4) lib/rack/sendfile.rb:113:in `call'
  railties (4.2.5) lib/rails/engine.rb:518:in `call'
  railties (4.2.5) lib/rails/application.rb:165:in `call'
  rack (1.6.4) lib/rack/lock.rb:17:in `call'
  rack (1.6.4) lib/rack/content_length.rb:15:in `call'
  rack (1.6.4) lib/rack/handler/webrick.rb:88:in `service'
  C:/jruby-9.0.4.0/lib/ruby/stdlib/webrick/httpserver.rb:138:in `service'
  C:/jruby-9.0.4.0/lib/ruby/stdlib/webrick/httpserver.rb:94:in `run'
  C:/jruby-9.0.4.0/lib/ruby/stdlib/webrick/server.rb:294:in `block in start_thread'


  Rendered C:/jruby-9.0.4.0/lib/ruby/gems/shared/gems/actionpack-4.2.5/lib/action_dispatch/middleware/templates/rescues/_trace.html.erb (16.0ms)
  Rendered C:/jruby-9.0.4.0/lib/ruby/gems/shared/gems/actionpack-4.2.5/lib/action_dispatch/middleware/templates/routes/_route.html.erb (4.0ms)
  Rendered C:/jruby-9.0.4.0/lib/ruby/gems/shared/gems/actionpack-4.2.5/lib/action_dispatch/middleware/templates/routes/_table.html.erb (69.0ms)
  Rendered C:/jruby-9.0.4.0/lib/ruby/gems/shared/gems/actionpack-4.2.5/lib/action_dispatch/middleware/templates/rescues/_request_and_response.html.erb (0.0ms)
  Rendered C:/jruby-9.0.4.0/lib/ruby/gems/shared/gems/actionpack-4.2.5/lib/action_dispatch/middleware/templates/rescues/routing_error.html.erb within rescues/layout (421.0ms)


Started GET "/menu/2" for 0:0:0:0:0:0:0:1 at 2015-12-17 14:16:10 -0200
Processing by MenuController#show as HTML
  Parameters: {"id"=>"2"}
Redirected to http://localhost:3000/menus/
Completed 302 Found in 13ms (ActiveRecord: 0.0ms)


Started GET "/menus/" for 0:0:0:0:0:0:0:1 at 2015-12-17 14:16:10 -0200

ActionController::RoutingError (No route matches [GET] "/menus"):
  actionpack (4.2.5) lib/action_dispatch/middleware/debug_exceptions.rb:21:in `call'
  actionpack (4.2.5) lib/action_dispatch/middleware/show_exceptions.rb:30:in `call'
  railties (4.2.5) lib/rails/rack/logger.rb:38:in `call_app'
  railties (4.2.5) lib/rails/rack/logger.rb:20:in `block in call'
  activesupport (4.2.5) lib/active_support/tagged_logging.rb:68:in `block in tagged'
  activesupport (4.2.5) lib/active_support/tagged_logging.rb:26:in `tagged'
  activesupport (4.2.5) lib/active_support/tagged_logging.rb:68:in `tagged'
  railties (4.2.5) lib/rails/rack/logger.rb:20:in `call'
  actionpack (4.2.5) lib/action_dispatch/middleware/request_id.rb:21:in `call'
  rack (1.6.4) lib/rack/methodoverride.rb:22:in `call'
  rack (1.6.4) lib/rack/runtime.rb:18:in `call'
  activesupport (4.2.5) lib/active_support/cache/strategy/local_cache_middleware.rb:28:in `call'
  rack (1.6.4) lib/rack/lock.rb:17:in `call'
  actionpack (4.2.5) lib/action_dispatch/middleware/static.rb:116:in `call'
  rack (1.6.4) lib/rack/sendfile.rb:113:in `call'
  railties (4.2.5) lib/rails/engine.rb:518:in `call'
  railties (4.2.5) lib/rails/application.rb:165:in `call'
  rack (1.6.4) lib/rack/lock.rb:17:in `call'
  rack (1.6.4) lib/rack/content_length.rb:15:in `call'
  rack (1.6.4) lib/rack/handler/webrick.rb:88:in `service'
  C:/jruby-9.0.4.0/lib/ruby/stdlib/webrick/httpserver.rb:138:in `service'
  C:/jruby-9.0.4.0/lib/ruby/stdlib/webrick/httpserver.rb:94:in `run'
  C:/jruby-9.0.4.0/lib/ruby/stdlib/webrick/server.rb:294:in `block in start_thread'


  Rendered C:/jruby-9.0.4.0/lib/ruby/gems/shared/gems/actionpack-4.2.5/lib/action_dispatch/middleware/templates/rescues/_trace.html.erb (13.0ms)
  Rendered C:/jruby-9.0.4.0/lib/ruby/gems/shared/gems/actionpack-4.2.5/lib/action_dispatch/middleware/templates/routes/_route.html.erb (14.0ms)
  Rendered C:/jruby-9.0.4.0/lib/ruby/gems/shared/gems/actionpack-4.2.5/lib/action_dispatch/middleware/templates/routes/_table.html.erb (5.0ms)
  Rendered C:/jruby-9.0.4.0/lib/ruby/gems/shared/gems/actionpack-4.2.5/lib/action_dispatch/middleware/templates/rescues/_request_and_response.html.erb (9.0ms)
  Rendered C:/jruby-9.0.4.0/lib/ruby/gems/shared/gems/actionpack-4.2.5/lib/action_dispatch/middleware/templates/rescues/routing_error.html.erb within rescues/layout (283.0ms)


Started GET "/menu" for 0:0:0:0:0:0:0:1 at 2015-12-17 14:16:38 -0200
Processing by MenuController#index as HTML
  [1m[35mMenu Load (0.0ms)[0m  SELECT `menus`.* FROM `menus` WHERE (menu_id is null)
  Rendered C:/Desenvolvimento Games/workspaceAptana/MysticHunt/app/views/menu/index.html.erb within layouts/application (0.0ms)
Completed 200 OK in 267ms (Views: 260.0ms | ActiveRecord: 0.0ms)


Started GET "/menu" for 0:0:0:0:0:0:0:1 at 2015-12-17 14:16:38 -0200
Processing by MenuController#index as HTML
  [1m[36mMenu Load (2.0ms)[0m  [1mSELECT `menus`.* FROM `menus` WHERE (menu_id is null)[0m
  Rendered C:/Desenvolvimento Games/workspaceAptana/MysticHunt/app/views/menu/index.html.erb within layouts/application (8.0ms)
Completed 200 OK in 339ms (Views: 330.9ms | ActiveRecord: 2.0ms)


Started GET "/menu" for 0:0:0:0:0:0:0:1 at 2015-12-17 14:16:48 -0200
Processing by MenuController#index as HTML
  [1m[35mMenu Load (2.0ms)[0m  SELECT `menus`.* FROM `menus` WHERE (menu_id is null)
  Rendered C:/Desenvolvimento Games/workspaceAptana/MysticHunt/app/views/menu/index.html.erb within layouts/application (54.0ms)
Completed 200 OK in 421ms (Views: 380.7ms | ActiveRecord: 19.0ms)


Started GET "/menu/2" for 0:0:0:0:0:0:0:1 at 2015-12-17 14:16:50 -0200
Processing by MenuController#show as HTML
  Parameters: {"id"=>"2"}
Redirected to http://localhost:3000/menu/
Completed 302 Found in 15ms (ActiveRecord: 0.0ms)


Started GET "/menu/" for 0:0:0:0:0:0:0:1 at 2015-12-17 14:16:50 -0200
Processing by MenuController#index as HTML
  [1m[36mMenu Load (0.0ms)[0m  [1mSELECT `menus`.* FROM `menus` WHERE (menu_id is null)[0m
  Rendered C:/Desenvolvimento Games/workspaceAptana/MysticHunt/app/views/menu/index.html.erb within layouts/application (5.0ms)
Completed 200 OK in 328ms (Views: 314.2ms | ActiveRecord: 0.0ms)


Started GET "/menu/2" for 0:0:0:0:0:0:0:1 at 2015-12-17 14:16:53 -0200
Processing by MenuController#show as HTML
  Parameters: {"id"=>"2"}
Redirected to http://localhost:3000/menu/
Completed 302 Found in 4ms (ActiveRecord: 0.0ms)


Started GET "/menu/" for 0:0:0:0:0:0:0:1 at 2015-12-17 14:16:53 -0200
Processing by MenuController#index as HTML
  [1m[35mMenu Load (0.0ms)[0m  SELECT `menus`.* FROM `menus` WHERE (menu_id is null)
  Rendered C:/Desenvolvimento Games/workspaceAptana/MysticHunt/app/views/menu/index.html.erb within layouts/application (2.0ms)
Completed 200 OK in 301ms (Views: 291.3ms | ActiveRecord: 0.0ms)


Started GET "/menu/" for 0:0:0:0:0:0:0:1 at 2015-12-17 14:17:11 -0200
Processing by MenuController#index as HTML
  [1m[36mMenu Load (2.0ms)[0m  [1mSELECT `menus`.* FROM `menus` WHERE (menu_id is null)[0m
  Rendered C:/Desenvolvimento Games/workspaceAptana/MysticHunt/app/views/menu/index.html.erb within layouts/application (68.0ms)
Completed 200 OK in 378ms (Views: 335.0ms | ActiveRecord: 19.0ms)


Started GET "/menu/2" for 0:0:0:0:0:0:0:1 at 2015-12-17 14:17:13 -0200
Processing by MenuController#show as HTML
  Parameters: {"id"=>"2"}
  [1m[35mMenu Load (23.0ms)[0m  SELECT `menus`.* FROM `menus` WHERE (menu_id = '2')
  Rendered C:/Desenvolvimento Games/workspaceAptana/MysticHunt/app/views/menu/index.html.erb within layouts/application (40.0ms)
Completed 200 OK in 287ms (Views: 266.3ms | ActiveRecord: 23.0ms)


Started GET "/menu/2" for 0:0:0:0:0:0:0:1 at 2015-12-17 14:17:38 -0200
Processing by MenuController#show as HTML
  Parameters: {"id"=>"2"}
  [1m[36mMenu Load (0.0ms)[0m  [1mSELECT `menus`.* FROM `menus` WHERE (menu_id = '2')[0m
  Rendered C:/Desenvolvimento Games/workspaceAptana/MysticHunt/app/views/menu/index.html.erb within layouts/application (16.0ms)
Completed 200 OK in 307ms (Views: 301.3ms | ActiveRecord: 0.0ms)
  [1m[36mActiveRecord::SchemaMigration Load (5.0ms)[0m  [1mSELECT `schema_migrations`.* FROM `schema_migrations`[0m
Migrating to CreateMapas (20151217164521)
  [1m[35m (331.0ms)[0m  CREATE TABLE `mapas` (`id` int(11) DEFAULT NULL auto_increment PRIMARY KEY, `numero` int(11), `pontuacao` int(11), `created_at` datetime NOT NULL, `updated_at` datetime NOT NULL) ENGINE=InnoDB
  [1m[36mSQL (0.0ms)[0m  [1mINSERT INTO `schema_migrations` (`version`) VALUES ('20151217164521')[0m
  [1m[35mActiveRecord::SchemaMigration Load (1.0ms)[0m  SELECT `schema_migrations`.* FROM `schema_migrations`
  [1m[36m (1.0ms)[0m  [1mSELECT DATABASE() as db[0m
  [1m[35m (2.0ms)[0m  SELECT fk.referenced_table_name as 'to_table' ,fk.referenced_column_name as 'primary_key' ,fk.column_name as 'column' ,fk.constraint_name as 'name' FROM information_schema.key_column_usage fk WHERE fk.referenced_column_name is not null AND fk.table_schema = 'mystichunt_development' AND fk.table_name = 'mapas'
  [1m[36m (0.0ms)[0m  [1mSHOW CREATE TABLE `mapas`[0m
  [1m[35m (0.0ms)[0m  SELECT DATABASE() as db
  [1m[36m (0.0ms)[0m  [1mSELECT fk.referenced_table_name as 'to_table' ,fk.referenced_column_name as 'primary_key' ,fk.column_name as 'column' ,fk.constraint_name as 'name' FROM information_schema.key_column_usage fk WHERE fk.referenced_column_name is not null AND fk.table_schema = 'mystichunt_development' AND fk.table_name = 'menus'[0m
  [1m[35m (0.0ms)[0m  SHOW CREATE TABLE `menus`
  [1m[36mActiveRecord::SchemaMigration Load (5.0ms)[0m  [1mSELECT `schema_migrations`.* FROM `schema_migrations`[0m
Migrating to CreateJogadors (20151218193604)
  [1m[35m (401.0ms)[0m  CREATE TABLE `jogadors` (`id` int(11) DEFAULT NULL auto_increment PRIMARY KEY, `login` varchar(255), `permite_audio` tinyint(1), `permite_musica` tinyint(1), `moedas` int(11), `created_at` datetime NOT NULL, `updated_at` datetime NOT NULL) ENGINE=InnoDB
  [1m[36mSQL (2.0ms)[0m  [1mINSERT INTO `schema_migrations` (`version`) VALUES ('20151218193604')[0m
  [1m[35mActiveRecord::SchemaMigration Load (2.0ms)[0m  SELECT `schema_migrations`.* FROM `schema_migrations`
  [1m[36m (1.0ms)[0m  [1mSELECT DATABASE() as db[0m
  [1m[35m (1.0ms)[0m  SELECT fk.referenced_table_name as 'to_table' ,fk.referenced_column_name as 'primary_key' ,fk.column_name as 'column' ,fk.constraint_name as 'name' FROM information_schema.key_column_usage fk WHERE fk.referenced_column_name is not null AND fk.table_schema = 'mystichunt_development' AND fk.table_name = 'jogadors'
  [1m[36m (1.0ms)[0m  [1mSHOW CREATE TABLE `jogadors`[0m
  [1m[35m (1.0ms)[0m  SELECT DATABASE() as db
  [1m[36m (1.0ms)[0m  [1mSELECT fk.referenced_table_name as 'to_table' ,fk.referenced_column_name as 'primary_key' ,fk.column_name as 'column' ,fk.constraint_name as 'name' FROM information_schema.key_column_usage fk WHERE fk.referenced_column_name is not null AND fk.table_schema = 'mystichunt_development' AND fk.table_name = 'mapas'[0m
  [1m[35m (1.0ms)[0m  SHOW CREATE TABLE `mapas`
  [1m[36m (1.0ms)[0m  [1mSELECT DATABASE() as db[0m
  [1m[35m (3.0ms)[0m  SELECT fk.referenced_table_name as 'to_table' ,fk.referenced_column_name as 'primary_key' ,fk.column_name as 'column' ,fk.constraint_name as 'name' FROM information_schema.key_column_usage fk WHERE fk.referenced_column_name is not null AND fk.table_schema = 'mystichunt_development' AND fk.table_name = 'menus'
  [1m[36m (3.0ms)[0m  [1mSHOW CREATE TABLE `menus`[0m
  [1m[36mActiveRecord::SchemaMigration Load (6.0ms)[0m  [1mSELECT `schema_migrations`.* FROM `schema_migrations`[0m
Migrating to CreateItems (20151218195158)
  [1m[35m (455.0ms)[0m  CREATE TABLE `items` (`id` int(11) DEFAULT NULL auto_increment PRIMARY KEY, `descricao` varchar(255), `funcao` int(11), `elemento` int(11), `created_at` datetime NOT NULL, `updated_at` datetime NOT NULL) ENGINE=InnoDB
  [1m[36mSQL (16.0ms)[0m  [1mINSERT INTO `schema_migrations` (`version`) VALUES ('20151218195158')[0m
  [1m[35mActiveRecord::SchemaMigration Load (0.0ms)[0m  SELECT `schema_migrations`.* FROM `schema_migrations`
  [1m[36m (1.0ms)[0m  [1mSELECT DATABASE() as db[0m
  [1m[35m (1.0ms)[0m  SELECT fk.referenced_table_name as 'to_table' ,fk.referenced_column_name as 'primary_key' ,fk.column_name as 'column' ,fk.constraint_name as 'name' FROM information_schema.key_column_usage fk WHERE fk.referenced_column_name is not null AND fk.table_schema = 'mystichunt_development' AND fk.table_name = 'items'
  [1m[36m (0.0ms)[0m  [1mSHOW CREATE TABLE `items`[0m
  [1m[35m (0.0ms)[0m  SELECT DATABASE() as db
  [1m[36m (0.0ms)[0m  [1mSELECT fk.referenced_table_name as 'to_table' ,fk.referenced_column_name as 'primary_key' ,fk.column_name as 'column' ,fk.constraint_name as 'name' FROM information_schema.key_column_usage fk WHERE fk.referenced_column_name is not null AND fk.table_schema = 'mystichunt_development' AND fk.table_name = 'jogadors'[0m
  [1m[35m (0.0ms)[0m  SHOW CREATE TABLE `jogadors`
  [1m[36m (0.0ms)[0m  [1mSELECT DATABASE() as db[0m
  [1m[35m (0.0ms)[0m  SELECT fk.referenced_table_name as 'to_table' ,fk.referenced_column_name as 'primary_key' ,fk.column_name as 'column' ,fk.constraint_name as 'name' FROM information_schema.key_column_usage fk WHERE fk.referenced_column_name is not null AND fk.table_schema = 'mystichunt_development' AND fk.table_name = 'mapas'
  [1m[36m (16.0ms)[0m  [1mSHOW CREATE TABLE `mapas`[0m
  [1m[35m (0.0ms)[0m  SELECT DATABASE() as db
  [1m[36m (0.0ms)[0m  [1mSELECT fk.referenced_table_name as 'to_table' ,fk.referenced_column_name as 'primary_key' ,fk.column_name as 'column' ,fk.constraint_name as 'name' FROM information_schema.key_column_usage fk WHERE fk.referenced_column_name is not null AND fk.table_schema = 'mystichunt_development' AND fk.table_name = 'menus'[0m
  [1m[35m (0.0ms)[0m  SHOW CREATE TABLE `menus`
  [1m[36mActiveRecord::SchemaMigration Load (5.0ms)[0m  [1mSELECT `schema_migrations`.* FROM `schema_migrations`[0m
Migrating to CreatePontuacaos (20151218200938)
  [1m[35m (571.0ms)[0m  CREATE TABLE `pontuacaos` (`id` int(11) DEFAULT NULL auto_increment PRIMARY KEY, `jogador_id` int(11), `mapa_id` int(11), `pontuacao` float, `created_at` datetime NOT NULL, `updated_at` datetime NOT NULL,  INDEX `index_pontuacaos_on_jogador_id`  (`jogador_id`) ,  INDEX `index_pontuacaos_on_mapa_id`  (`mapa_id`) ) ENGINE=InnoDB
  [1m[36m (1165.0ms)[0m  [1mALTER TABLE `pontuacaos` ADD CONSTRAINT `fk_rails_59a0e0cabd`
FOREIGN KEY (`jogador_id`)
  REFERENCES `jogadors` (`id`)
[0m
  [1m[35m (848.0ms)[0m  ALTER TABLE `pontuacaos` ADD CONSTRAINT `fk_rails_4aaf6d0fb1`
FOREIGN KEY (`mapa_id`)
  REFERENCES `mapas` (`id`)

  [1m[36mSQL (0.0ms)[0m  [1mINSERT INTO `schema_migrations` (`version`) VALUES ('20151218200938')[0m
  [1m[35mActiveRecord::SchemaMigration Load (1.0ms)[0m  SELECT `schema_migrations`.* FROM `schema_migrations`
  [1m[36m (15.0ms)[0m  [1mSELECT DATABASE() as db[0m
  [1m[35m (0.0ms)[0m  SELECT fk.referenced_table_name as 'to_table' ,fk.referenced_column_name as 'primary_key' ,fk.column_name as 'column' ,fk.constraint_name as 'name' FROM information_schema.key_column_usage fk WHERE fk.referenced_column_name is not null AND fk.table_schema = 'mystichunt_development' AND fk.table_name = 'items'
  [1m[36m (0.0ms)[0m  [1mSHOW CREATE TABLE `items`[0m
  [1m[35m (0.0ms)[0m  SELECT DATABASE() as db
  [1m[36m (0.0ms)[0m  [1mSELECT fk.referenced_table_name as 'to_table' ,fk.referenced_column_name as 'primary_key' ,fk.column_name as 'column' ,fk.constraint_name as 'name' FROM information_schema.key_column_usage fk WHERE fk.referenced_column_name is not null AND fk.table_schema = 'mystichunt_development' AND fk.table_name = 'jogadors'[0m
  [1m[35m (0.0ms)[0m  SHOW CREATE TABLE `jogadors`
  [1m[36m (0.0ms)[0m  [1mSELECT DATABASE() as db[0m
  [1m[35m (16.0ms)[0m  SELECT fk.referenced_table_name as 'to_table' ,fk.referenced_column_name as 'primary_key' ,fk.column_name as 'column' ,fk.constraint_name as 'name' FROM information_schema.key_column_usage fk WHERE fk.referenced_column_name is not null AND fk.table_schema = 'mystichunt_development' AND fk.table_name = 'mapas'
  [1m[36m (0.0ms)[0m  [1mSHOW CREATE TABLE `mapas`[0m
  [1m[35m (0.0ms)[0m  SELECT DATABASE() as db
  [1m[36m (0.0ms)[0m  [1mSELECT fk.referenced_table_name as 'to_table' ,fk.referenced_column_name as 'primary_key' ,fk.column_name as 'column' ,fk.constraint_name as 'name' FROM information_schema.key_column_usage fk WHERE fk.referenced_column_name is not null AND fk.table_schema = 'mystichunt_development' AND fk.table_name = 'menus'[0m
  [1m[35m (0.0ms)[0m  SHOW CREATE TABLE `menus`
  [1m[36m (0.0ms)[0m  [1mSELECT DATABASE() as db[0m
  [1m[35m (0.0ms)[0m  SELECT fk.referenced_table_name as 'to_table' ,fk.referenced_column_name as 'primary_key' ,fk.column_name as 'column' ,fk.constraint_name as 'name' FROM information_schema.key_column_usage fk WHERE fk.referenced_column_name is not null AND fk.table_schema = 'mystichunt_development' AND fk.table_name = 'pontuacaos'
  [1m[36m (31.0ms)[0m  [1mSHOW CREATE TABLE `pontuacaos`[0m
  [1m[36mActiveRecord::SchemaMigration Load (5.0ms)[0m  [1mSELECT `schema_migrations`.* FROM `schema_migrations`[0m
Migrating to CreateArsenals (20151218201539)
  [1m[35m (501.0ms)[0m  CREATE TABLE `arsenals` (`id` int(11) DEFAULT NULL auto_increment PRIMARY KEY, `jogador_id` int(11), `item_id` int(11), `quantidade` int(11), `created_at` datetime NOT NULL, `updated_at` datetime NOT NULL,  INDEX `index_arsenals_on_jogador_id`  (`jogador_id`) ,  INDEX `index_arsenals_on_item_id`  (`item_id`) ) ENGINE=InnoDB
  [1m[36m (971.0ms)[0m  [1mALTER TABLE `arsenals` ADD CONSTRAINT `fk_rails_38c061a444`
FOREIGN KEY (`jogador_id`)
  REFERENCES `jogadors` (`id`)
[0m
  [1m[35m (906.0ms)[0m  ALTER TABLE `arsenals` ADD CONSTRAINT `fk_rails_30e6e4c0a1`
FOREIGN KEY (`item_id`)
  REFERENCES `items` (`id`)

  [1m[36mSQL (0.0ms)[0m  [1mINSERT INTO `schema_migrations` (`version`) VALUES ('20151218201539')[0m
  [1m[35mActiveRecord::SchemaMigration Load (0.0ms)[0m  SELECT `schema_migrations`.* FROM `schema_migrations`
  [1m[36m (1.0ms)[0m  [1mSELECT DATABASE() as db[0m
  [1m[35m (23.0ms)[0m  SELECT fk.referenced_table_name as 'to_table' ,fk.referenced_column_name as 'primary_key' ,fk.column_name as 'column' ,fk.constraint_name as 'name' FROM information_schema.key_column_usage fk WHERE fk.referenced_column_name is not null AND fk.table_schema = 'mystichunt_development' AND fk.table_name = 'arsenals'
  [1m[36m (5.0ms)[0m  [1mSHOW CREATE TABLE `arsenals`[0m
  [1m[35m (1.0ms)[0m  SELECT DATABASE() as db
  [1m[36m (9.0ms)[0m  [1mSELECT fk.referenced_table_name as 'to_table' ,fk.referenced_column_name as 'primary_key' ,fk.column_name as 'column' ,fk.constraint_name as 'name' FROM information_schema.key_column_usage fk WHERE fk.referenced_column_name is not null AND fk.table_schema = 'mystichunt_development' AND fk.table_name = 'items'[0m
  [1m[35m (3.0ms)[0m  SHOW CREATE TABLE `items`
  [1m[36m (2.0ms)[0m  [1mSELECT DATABASE() as db[0m
  [1m[35m (1.0ms)[0m  SELECT fk.referenced_table_name as 'to_table' ,fk.referenced_column_name as 'primary_key' ,fk.column_name as 'column' ,fk.constraint_name as 'name' FROM information_schema.key_column_usage fk WHERE fk.referenced_column_name is not null AND fk.table_schema = 'mystichunt_development' AND fk.table_name = 'jogadors'
  [1m[36m (1.0ms)[0m  [1mSHOW CREATE TABLE `jogadors`[0m
  [1m[35m (9.0ms)[0m  SELECT DATABASE() as db
  [1m[36m (1.0ms)[0m  [1mSELECT fk.referenced_table_name as 'to_table' ,fk.referenced_column_name as 'primary_key' ,fk.column_name as 'column' ,fk.constraint_name as 'name' FROM information_schema.key_column_usage fk WHERE fk.referenced_column_name is not null AND fk.table_schema = 'mystichunt_development' AND fk.table_name = 'mapas'[0m
  [1m[35m (2.0ms)[0m  SHOW CREATE TABLE `mapas`
  [1m[36m (3.0ms)[0m  [1mSELECT DATABASE() as db[0m
  [1m[35m (2.0ms)[0m  SELECT fk.referenced_table_name as 'to_table' ,fk.referenced_column_name as 'primary_key' ,fk.column_name as 'column' ,fk.constraint_name as 'name' FROM information_schema.key_column_usage fk WHERE fk.referenced_column_name is not null AND fk.table_schema = 'mystichunt_development' AND fk.table_name = 'menus'
  [1m[36m (1.0ms)[0m  [1mSHOW CREATE TABLE `menus`[0m
  [1m[35m (1.0ms)[0m  SELECT DATABASE() as db
  [1m[36m (1.0ms)[0m  [1mSELECT fk.referenced_table_name as 'to_table' ,fk.referenced_column_name as 'primary_key' ,fk.column_name as 'column' ,fk.constraint_name as 'name' FROM information_schema.key_column_usage fk WHERE fk.referenced_column_name is not null AND fk.table_schema = 'mystichunt_development' AND fk.table_name = 'pontuacaos'[0m
  [1m[35m (1.0ms)[0m  SHOW CREATE TABLE `pontuacaos`
  [1m[36mActiveRecord::SchemaMigration Load (22.0ms)[0m  [1mSELECT `schema_migrations`.* FROM `schema_migrations`[0m
Migrating to AddEmailToJogadors (20151220214139)
  [1m[35m (720.0ms)[0m  ALTER TABLE `jogadors` ADD `email` varchar(255)
  [1m[36m (253.0ms)[0m  [1mCREATE  INDEX `index_jogadors_on_email` ON `jogadors` (`email`)[0m
  [1m[35mSQL (0.0ms)[0m  INSERT INTO `schema_migrations` (`version`) VALUES ('20151220214139')
Migrating to AddSenhaToJogadors (20151220214306)
  [1m[36m (668.0ms)[0m  [1mALTER TABLE `jogadors` ADD `senha` varchar(255)[0m
  [1m[35mSQL (0.0ms)[0m  INSERT INTO `schema_migrations` (`version`) VALUES ('20151220214306')
  [1m[36mActiveRecord::SchemaMigration Load (0.0ms)[0m  [1mSELECT `schema_migrations`.* FROM `schema_migrations`[0m
  [1m[35m (0.0ms)[0m  SELECT DATABASE() as db
  [1m[36m (15.0ms)[0m  [1mSELECT fk.referenced_table_name as 'to_table' ,fk.referenced_column_name as 'primary_key' ,fk.column_name as 'column' ,fk.constraint_name as 'name' FROM information_schema.key_column_usage fk WHERE fk.referenced_column_name is not null AND fk.table_schema = 'mystichunt_development' AND fk.table_name = 'arsenals'[0m
  [1m[35m (16.0ms)[0m  SHOW CREATE TABLE `arsenals`
  [1m[36m (0.0ms)[0m  [1mSELECT DATABASE() as db[0m
  [1m[35m (2.0ms)[0m  SELECT fk.referenced_table_name as 'to_table' ,fk.referenced_column_name as 'primary_key' ,fk.column_name as 'column' ,fk.constraint_name as 'name' FROM information_schema.key_column_usage fk WHERE fk.referenced_column_name is not null AND fk.table_schema = 'mystichunt_development' AND fk.table_name = 'items'
  [1m[36m (2.0ms)[0m  [1mSHOW CREATE TABLE `items`[0m
  [1m[35m (1.0ms)[0m  SELECT DATABASE() as db
  [1m[36m (0.0ms)[0m  [1mSELECT fk.referenced_table_name as 'to_table' ,fk.referenced_column_name as 'primary_key' ,fk.column_name as 'column' ,fk.constraint_name as 'name' FROM information_schema.key_column_usage fk WHERE fk.referenced_column_name is not null AND fk.table_schema = 'mystichunt_development' AND fk.table_name = 'jogadors'[0m
  [1m[35m (0.0ms)[0m  SHOW CREATE TABLE `jogadors`
  [1m[36m (0.0ms)[0m  [1mSELECT DATABASE() as db[0m
  [1m[35m (0.0ms)[0m  SELECT fk.referenced_table_name as 'to_table' ,fk.referenced_column_name as 'primary_key' ,fk.column_name as 'column' ,fk.constraint_name as 'name' FROM information_schema.key_column_usage fk WHERE fk.referenced_column_name is not null AND fk.table_schema = 'mystichunt_development' AND fk.table_name = 'mapas'
  [1m[36m (0.0ms)[0m  [1mSHOW CREATE TABLE `mapas`[0m
  [1m[35m (0.0ms)[0m  SELECT DATABASE() as db
  [1m[36m (0.0ms)[0m  [1mSELECT fk.referenced_table_name as 'to_table' ,fk.referenced_column_name as 'primary_key' ,fk.column_name as 'column' ,fk.constraint_name as 'name' FROM information_schema.key_column_usage fk WHERE fk.referenced_column_name is not null AND fk.table_schema = 'mystichunt_development' AND fk.table_name = 'menus'[0m
  [1m[35m (0.0ms)[0m  SHOW CREATE TABLE `menus`
  [1m[36m (16.0ms)[0m  [1mSELECT DATABASE() as db[0m
  [1m[35m (0.0ms)[0m  SELECT fk.referenced_table_name as 'to_table' ,fk.referenced_column_name as 'primary_key' ,fk.column_name as 'column' ,fk.constraint_name as 'name' FROM information_schema.key_column_usage fk WHERE fk.referenced_column_name is not null AND fk.table_schema = 'mystichunt_development' AND fk.table_name = 'pontuacaos'
  [1m[36m (0.0ms)[0m  [1mSHOW CREATE TABLE `pontuacaos`[0m
  [1m[36mActiveRecord::SchemaMigration Load (0.0ms)[0m  [1mSELECT `schema_migrations`.* FROM `schema_migrations`[0m
Migrating to AddPasswordDigestToJogadors (20151220221415)
  [1m[35m (572.0ms)[0m  ALTER TABLE `jogadors` ADD `password_digest` varchar(255)
  [1m[36mSQL (0.0ms)[0m  [1mINSERT INTO `schema_migrations` (`version`) VALUES ('20151220221415')[0m
Migrating to RemoveSenhaFromJogadors (20151220221657)
  [1m[35m (533.0ms)[0m  ALTER TABLE `jogadors` DROP `senha`
  [1m[36mSQL (1.0ms)[0m  [1mINSERT INTO `schema_migrations` (`version`) VALUES ('20151220221657')[0m
  [1m[35mActiveRecord::SchemaMigration Load (0.0ms)[0m  SELECT `schema_migrations`.* FROM `schema_migrations`
  [1m[36m (0.0ms)[0m  [1mSELECT DATABASE() as db[0m
  [1m[35m (0.0ms)[0m  SELECT fk.referenced_table_name as 'to_table' ,fk.referenced_column_name as 'primary_key' ,fk.column_name as 'column' ,fk.constraint_name as 'name' FROM information_schema.key_column_usage fk WHERE fk.referenced_column_name is not null AND fk.table_schema = 'mystichunt_development' AND fk.table_name = 'arsenals'
  [1m[36m (0.0ms)[0m  [1mSHOW CREATE TABLE `arsenals`[0m
  [1m[35m (0.0ms)[0m  SELECT DATABASE() as db
  [1m[36m (0.0ms)[0m  [1mSELECT fk.referenced_table_name as 'to_table' ,fk.referenced_column_name as 'primary_key' ,fk.column_name as 'column' ,fk.constraint_name as 'name' FROM information_schema.key_column_usage fk WHERE fk.referenced_column_name is not null AND fk.table_schema = 'mystichunt_development' AND fk.table_name = 'items'[0m
  [1m[35m (0.0ms)[0m  SHOW CREATE TABLE `items`
  [1m[36m (0.0ms)[0m  [1mSELECT DATABASE() as db[0m
  [1m[35m (0.0ms)[0m  SELECT fk.referenced_table_name as 'to_table' ,fk.referenced_column_name as 'primary_key' ,fk.column_name as 'column' ,fk.constraint_name as 'name' FROM information_schema.key_column_usage fk WHERE fk.referenced_column_name is not null AND fk.table_schema = 'mystichunt_development' AND fk.table_name = 'jogadors'
  [1m[36m (0.0ms)[0m  [1mSHOW CREATE TABLE `jogadors`[0m
  [1m[35m (0.0ms)[0m  SELECT DATABASE() as db
  [1m[36m (0.0ms)[0m  [1mSELECT fk.referenced_table_name as 'to_table' ,fk.referenced_column_name as 'primary_key' ,fk.column_name as 'column' ,fk.constraint_name as 'name' FROM information_schema.key_column_usage fk WHERE fk.referenced_column_name is not null AND fk.table_schema = 'mystichunt_development' AND fk.table_name = 'mapas'[0m
  [1m[35m (0.0ms)[0m  SHOW CREATE TABLE `mapas`
  [1m[36m (0.0ms)[0m  [1mSELECT DATABASE() as db[0m
  [1m[35m (0.0ms)[0m  SELECT fk.referenced_table_name as 'to_table' ,fk.referenced_column_name as 'primary_key' ,fk.column_name as 'column' ,fk.constraint_name as 'name' FROM information_schema.key_column_usage fk WHERE fk.referenced_column_name is not null AND fk.table_schema = 'mystichunt_development' AND fk.table_name = 'menus'
  [1m[36m (0.0ms)[0m  [1mSHOW CREATE TABLE `menus`[0m
  [1m[35m (0.0ms)[0m  SELECT DATABASE() as db
  [1m[36m (0.0ms)[0m  [1mSELECT fk.referenced_table_name as 'to_table' ,fk.referenced_column_name as 'primary_key' ,fk.column_name as 'column' ,fk.constraint_name as 'name' FROM information_schema.key_column_usage fk WHERE fk.referenced_column_name is not null AND fk.table_schema = 'mystichunt_development' AND fk.table_name = 'pontuacaos'[0m
  [1m[35m (0.0ms)[0m  SHOW CREATE TABLE `pontuacaos`
